<?xml version="1.0" encoding="UTF-8"?>
<testng-results ignored="0" total="1" passed="1" failed="0" skipped="0">
  <reporter-output>
  </reporter-output>
  <suite started-at="2024-11-14T12:46:33 IST" name="Default suite" finished-at="2024-11-14T12:46:38 IST" duration-ms="4347">
    <groups>
    </groups>
    <test started-at="2024-11-14T12:46:33 IST" name="Default test" finished-at="2024-11-14T12:46:38 IST" duration-ms="4347">
      <class name="RestAssuredApiTesting_BDDapproach.RestAssuredApiTesting_BDDapproach.Demo1_GETrequest">
        <test-method signature="getWeatherData()[pri:0, instance:RestAssuredApiTesting_BDDapproach.RestAssuredApiTesting_BDDapproach.Demo1_GETrequest@483f6d77]" started-at="2024-11-14T12:46:34 IST" name="getWeatherData" finished-at="2024-11-14T12:46:38 IST" duration-ms="4276" status="PASS">
          <reporter-output>
          </reporter-output>
        </test-method> <!-- getWeatherData -->
      </class> <!-- RestAssuredApiTesting_BDDapproach.RestAssuredApiTesting_BDDapproach.Demo1_GETrequest -->
    </test> <!-- Default test -->
  </suite> <!-- Default suite -->
</testng-results>
